Arguments: 
  C:\Program Files\nodejs\node.exe C:\Users\Luna\.node\corepack\yarn\1.22.15\bin\yarn.js add .\native-utils-vul\

PATH: 
  C:\Users\Luna\scoop\apps\pwsh\current;C:\ProgramData\scoop\shims;C:\tools\ruby31\bin;C:\Program Files\Lapce\;C:\Program Files\NVIDIA GPU Computing Toolkit\CUDA\v11.6\bin;C:\Program Files\NVIDIA GPU Computing Toolkit\CUDA\v11.6\libnvvp;C:\Program Files (x86)\VMware\VMware Player\bin\;C:\Program Files (x86)\Common Files\Oracle\Java\javapath;C:\Program Files\ImageMagick-7.1.0-Q16-HDRI;C:\Program Files\Oculus\Support\oculus-runtime;C:\Python310\Scripts\;C:\Python310\;C:\Windows\system32;C:\Windows;C:\Windows\System32\Wbem;C:\Windows\System32\WindowsPowerShell\v1.0\;C:\Windows\System32\OpenSSH\;C:\Program Files\NVIDIA Corporation\NVIDIA NvDLISR;C:\Program Files\Microsoft SQL Server\150\Tools\Binn\;C:\Program Files\Microsoft SQL Server\Client SDK\ODBC\170\Tools\Binn\;C:\Program Files\dotnet\;C:\Program Files (x86)\dotnet\;C:\ProgramData\chocolatey\bin;C:\Program Files\Git\cmd;X:\meta\path;C:\Strawberry\c\bin;C:\Strawberry\perl\site\bin;C:\Strawberry\perl\bin;C:\Program Files\PostgreSQL\14\bin;C:\Program Files (x86)\NVIDIA Corporation\PhysX\Common;C:\Users\Luna\.local\opt\zoxide-v0.8.0;C:\Users\Luna\.local\opt\zoxide-v0.8.0\bin;k:\LLVM\bin;C:\Program Files\Microsoft VS Code Insiders\bin;C:\WINDOWS\system32;C:\WINDOWS;C:\WINDOWS\System32\Wbem;C:\WINDOWS\System32\WindowsPowerShell\v1.0\;C:\WINDOWS\System32\OpenSSH\;X:\meta\dev\rust\luana\target\release;C:\Program Files\NVIDIA Corporation\Nsight Compute 2022.1.1\;C:\Program Files (x86)\Lua\5.1;C:\Program Files (x86)\Lua\5.1\clibs;C:\ProgramData\chocolatey\lib\lua52\tools;C:\Users\Luna\AppData\Roaming\nvm;C:\Program Files\nodejs;C:\Users\Luna\scoop\apps\openjdk\current\bin;C:\Users\Luna/.local/bin;C:\Users\Luna\scoop\apps\flutter\current\bin\cache\dart-sdk\bin;C:\Users\Luna\scoop\apps\gpg\current\bin;C:\Users\Luna\scoop\apps\temurin8-jdk\current\bin;C:\Users\Luna\scoop\apps\android-sdk\current\tools\bin;C:\Users\Luna\.cargo\bin;C:\Users\Luna\scoop\shims;C:\Users\Luna\AppData\Local\Microsoft\WindowsApps;C:\Users\Luna\.dotnet\tools;X:\meta\app\mpv;C:\Program Files\OpenSSL-Win64\bin;K:\Program Files (x86)\mitmproxy\bin;C:\Users\Luna\go\bin;K:\Program Files\Xplorer\;C:\Users\Luna\Downloads\luapck;C:\Users\Luna\meta\github-clone\anipy-cli\bin;C:\Program Files\Docker\Docker\resources\bin;C:\ProgramData\DockerDesktop\version-bin;C:\WINDOWS\system32;C:\WINDOWS;C:\WINDOWS\System32\Wbem;C:\WINDOWS\System32\WindowsPowerShell\v1.0\;C:\WINDOWS\System32\OpenSSH\;C:\Program Files\Go\bin;C:\tools\ruby31\bin;C:\Users\Luna\scoop\apps\openjdk\current\bin;C:\Users\Luna/.local/bin;C:\Users\Luna\scoop\apps\flutter\current\bin\cache\dart-sdk\bin;C:\Users\Luna\scoop\apps\gpg\current\bin;C:\Users\Luna\scoop\apps\temurin8-jdk\current\bin;C:\Users\Luna\scoop\apps\android-sdk\current\tools\bin;C:\Users\Luna\.cargo\bin;C:\Users\Luna\scoop\shims;C:\Users\Luna\AppData\Local\Microsoft\WindowsApps;C:\Users\Luna\.dotnet\tools;X:\meta\app\mpv;X:\meta\path;C:\Program Files\OpenSSL-Win64\bin;K:\Program Files (x86)\mitmproxy\bin;C:\Users\Luna\.local\opt\zoxide-v0.8.0;C:\Users\Luna\.local\opt\zoxide-v0.8.0\bin;C:\Users\Luna\go\bin;k:\LLVM\bin;K:\Program Files\Xplorer\;C:\Users\Luna\Downloads\luapck;C:\Users\Luna\AppData\Local\Microsoft\WindowsApps;C:\Users\Luna\AppData\Roaming\nvm;C:\Program Files\nodejs;X:\meta\revtools\il2cppDumper;X:\meta\tools\vcpkg;C:\Users\Luna\go\bin;

Yarn version: 
  1.22.15

Node version: 
  18.0.0

Platform: 
  win32 x64

Trace: 
  Error: https://registry.yarnpkg.com/native-utils-vul/: Not found
      at params.callback [as _callback] (C:\Users\Luna\.node\corepack\yarn\1.22.15\lib\cli.js:66140:18)
      at self.callback (C:\Users\Luna\.node\corepack\yarn\1.22.15\lib\cli.js:140885:22)
      at Request.emit (node:events:527:28)
      at Request.<anonymous> (C:\Users\Luna\.node\corepack\yarn\1.22.15\lib\cli.js:141857:10)
      at Request.emit (node:events:527:28)
      at IncomingMessage.<anonymous> (C:\Users\Luna\.node\corepack\yarn\1.22.15\lib\cli.js:141779:12)
      at Object.onceWrapper (node:events:641:28)
      at IncomingMessage.emit (node:events:539:35)
      at endReadableNT (node:internal/streams/readable:1344:12)
      at process.processTicksAndRejections (node:internal/process/task_queues:82:21)

npm manifest: 
  {
    "name": "VulnusBot",
    "version": "1.0.0",
    "main": "index.js",
    "repository": "https://github.com/beat-game-dev/VulnusBot.git",
    "author": "Luna <44528100+pozm@users.noreply.github.com>",
    "license": "MIT",
    "scripts": {
      "start": "npm run build && node dist/index.js",
      "build": "npm run clean && npm run build:native && tsc",
      "build:native" : "cd native-utils && npm run build && npm link .. && cd ..",
      "clean": "pwsh -c remove-item -force -recurse ./dist/"
    },
    "dependencies": {
      "@discordjs/builders": "^0.13.0",
      "@discordjs/rest": "^0.4.1",
      "@napi-rs/canvas": "^0.1.21",
      "@napi-rs/cli": "^2.9.0",
      "@types/node": "^17.0.33",
      "chalk": "^4.1.0",
      "discord-api-types": "^0.32.1",
      "discord.js": "^13.7.0",
      "dotenv": "^16.0.1"
    }
  }

yarn manifest: 
  No manifest

Lockfile: 
  # THIS IS AN AUTOGENERATED FILE. DO NOT EDIT THIS FILE DIRECTLY.
  # yarn lockfile v1
  
  
  "@discordjs/builders@^0.13.0":
    version "0.13.0"
    resolved "https://registry.yarnpkg.com/@discordjs/builders/-/builders-0.13.0.tgz#2b689263663dbae0b8cedbe8cf581ee724bb505d"
    integrity sha512-4L9y26KRNNU8Y7J78SRUN1Uhava9D8jfit/YqEaKi8gQRc7PdqKqk2poybo6RXaiyt/BgKYPfcjxT7WvzGfYCA==
    dependencies:
      "@sapphire/shapeshift" "^2.0.0"
      "@sindresorhus/is" "^4.6.0"
      discord-api-types "^0.31.1"
      fast-deep-equal "^3.1.3"
      ts-mixer "^6.0.1"
      tslib "^2.3.1"
  
  "@discordjs/collection@^0.6.0":
    version "0.6.0"
    resolved "https://registry.yarnpkg.com/@discordjs/collection/-/collection-0.6.0.tgz#ee9c7b349a61d081fcdbda36df4187e575510952"
    integrity sha512-Ieaetb36l0nmAS5X9Upqk4W7euAO6FdXPxn3I8vBAKEcoIzEZI1mcVcPfCfagGJZSgBKpENnAnKkP4GAn+MV8w==
  
  "@discordjs/collection@^0.7.0-dev":
    version "0.7.0-dev.1652573514-7ce641d"
    resolved "https://registry.yarnpkg.com/@discordjs/collection/-/collection-0.7.0-dev.1652573514-7ce641d.tgz#072137d781adf47680380e70fa1caeaa83ea7737"
    integrity sha512-zXBA1nQkcf+1Bn0rvgTbM5q5VoJGtEUa4anaRHkOoICvXzaptHIq8jumb0jKt9qcvofGCBOOTI9Cnrgy/Xlu/Q==
  
  "@discordjs/rest@^0.4.1":
    version "0.4.1"
    resolved "https://registry.yarnpkg.com/@discordjs/rest/-/rest-0.4.1.tgz#d0a7e79df7a7f59bd01630013b3c70231e22a31d"
    integrity sha512-rtWy+AIfNlfjGkAgA2TJLASdqli07aTNQceVGT6RQQiQaEqV0nsfBO4WtDlDzk7PmO3w+InP3dpwEolJI5jz0A==
    dependencies:
      "@discordjs/collection" "^0.7.0-dev"
      "@sapphire/async-queue" "^1.3.1"
      "@sapphire/snowflake" "^3.2.1"
      "@types/node-fetch" "^2.6.1"
      discord-api-types "^0.29.0"
      form-data "^4.0.0"
      node-fetch "^2.6.7"
      tslib "^2.3.1"
  
  "@napi-rs/canvas-android-arm64@0.1.21":
    version "0.1.21"
    resolved "https://registry.yarnpkg.com/@napi-rs/canvas-android-arm64/-/canvas-android-arm64-0.1.21.tgz#8e8db7e827c3f765d3f1832e32cc71c82ff5c0f5"
    integrity sha512-u348pkJ+G1FzUCIUX1tRO0njZh3UaViwnQeAkZugnAu5Srr78gRV/FpicuKj/opxnRKaAheFKvu1UJa/gytWyA==
  
  "@napi-rs/canvas-darwin-arm64@0.1.21":
    version "0.1.21"
    resolved "https://registry.yarnpkg.com/@napi-rs/canvas-darwin-arm64/-/canvas-darwin-arm64-0.1.21.tgz#98470cf5aea02ab6ae940fb0f0202a639d95e141"
    integrity sha512-vaN5LL96rK2RypGEM+0Y2PijVAg6rcT0wKVIQJzpA0DIVh58CJNiJTv6W8rM/XQw5KnHsGBRERBmaY/G4r8ufA==
  
  "@napi-rs/canvas-darwin-x64@0.1.21":
    version "0.1.21"
    resolved "https://registry.yarnpkg.com/@napi-rs/canvas-darwin-x64/-/canvas-darwin-x64-0.1.21.tgz#bde5c36f409ede5810d6ba62805e3e700aae4630"
    integrity sha512-VpS/odM5EERNmMmyQKeCA0mrg/cvggoDFsRLniSdo1KmJ4bU1iYEKBovJlUa+hWUM8IW5P6hiV+L8VQ/677Mlg==
  
  "@napi-rs/canvas-linux-arm-gnueabihf@0.1.21":
    version "0.1.21"
    resolved "https://registry.yarnpkg.com/@napi-rs/canvas-linux-arm-gnueabihf/-/canvas-linux-arm-gnueabihf-0.1.21.tgz#ea9a42f79d5f7a5777301eaf725ddcd4f93fcb2a"
    integrity sha512-Vf3XVkT83cWvIWsdnvpEcl8rGC/ZDjowz+8dkMHvVYDciHZqkkS3r3VhiIscYTXjrg3ZxVeF44RYQGgdKLTh8w==
  
  "@napi-rs/canvas-linux-arm64-gnu@0.1.21":
    version "0.1.21"
    resolved "https://registry.yarnpkg.com/@napi-rs/canvas-linux-arm64-gnu/-/canvas-linux-arm64-gnu-0.1.21.tgz#b2331ed59279da7e2cc97814870645fcfc8f5d2d"
    integrity sha512-xFxK0RcJ+pKlLjPFGbfBVEcrZ/jwr+E46xSXALdSjr6G0RO7pizaw3lyd65WlnLSkdXiVHXsNjoJ0IAzENgYzA==
  
  "@napi-rs/canvas-linux-arm64-musl@0.1.21":
    version "0.1.21"
    resolved "https://registry.yarnpkg.com/@napi-rs/canvas-linux-arm64-musl/-/canvas-linux-arm64-musl-0.1.21.tgz#0ac8ff9a02455109d8072f229b3702f33097087a"
    integrity sha512-ab516grJbK9RVvHbwqyEOoHRo554bjaEkHoValyn+ORYQGkHhxSCnN+GFmUZBTaQS6z18IKy/YwlksSlm15f9g==
  
  "@napi-rs/canvas-linux-x64-gnu@0.1.21":
    version "0.1.21"
    resolved "https://registry.yarnpkg.com/@napi-rs/canvas-linux-x64-gnu/-/canvas-linux-x64-gnu-0.1.21.tgz#21c5b8d392d97f3e056886a18dc3ffea38858ba2"
    integrity sha512-hujY+xtANjqdhuodbocsBHBpxWgoBc45UfjxGB1YDuyTpxVEYF04lVuvgy4dvVuUvAjq+zYsdU8xROqfJ+E2AA==
  
  "@napi-rs/canvas-linux-x64-musl@0.1.21":
    version "0.1.21"
    resolved "https://registry.yarnpkg.com/@napi-rs/canvas-linux-x64-musl/-/canvas-linux-x64-musl-0.1.21.tgz#bb71317474470e46ac763307bea03b28caf16711"
    integrity sha512-681hoLShmv4k/4glQ3YhrgZWZZOBD6ZtcNJA4e32oCOwx9HLm4xs5dpyaSt0LuJ5lcGMlvYP1wAVdwMP16vOug==
  
  "@napi-rs/canvas-win32-x64-msvc@0.1.21":
    version "0.1.21"
    resolved "https://registry.yarnpkg.com/@napi-rs/canvas-win32-x64-msvc/-/canvas-win32-x64-msvc-0.1.21.tgz#2a44056527f3e4a3914dbf916d4555f0e901d6ef"
    integrity sha512-qHcPbNWUU5naP839/CSKyLBp9QZrquqSZwxi7cZ9L/OPSTKkYsun77juAFXstnZ0qzTBcO80RefaGcbMuOjQPw==
  
  "@napi-rs/canvas@^0.1.21":
    version "0.1.21"
    resolved "https://registry.yarnpkg.com/@napi-rs/canvas/-/canvas-0.1.21.tgz#53a4ed636d84192b1610062782a4badea5a1c075"
    integrity sha512-THmJZPgpdli7Ux0kZLCp0PVCbkkxwbp/xZiCTIRMPcOJs09mFfc+raQDf+SnDYif841hYNe9Vgkjk4rHcJwJ3A==
    optionalDependencies:
      "@napi-rs/canvas-android-arm64" "0.1.21"
      "@napi-rs/canvas-darwin-arm64" "0.1.21"
      "@napi-rs/canvas-darwin-x64" "0.1.21"
      "@napi-rs/canvas-linux-arm-gnueabihf" "0.1.21"
      "@napi-rs/canvas-linux-arm64-gnu" "0.1.21"
      "@napi-rs/canvas-linux-arm64-musl" "0.1.21"
      "@napi-rs/canvas-linux-x64-gnu" "0.1.21"
      "@napi-rs/canvas-linux-x64-musl" "0.1.21"
      "@napi-rs/canvas-win32-x64-msvc" "0.1.21"
  
  "@napi-rs/cli@^2.9.0":
    version "2.9.0"
    resolved "https://registry.yarnpkg.com/@napi-rs/cli/-/cli-2.9.0.tgz#3db950b97ea8f2823021383b89cd2f05addeac3a"
    integrity sha512-qZ49ORZJ8rsHlvnnLsJCg9Ik+KfhiIgSea1HDMf6A9KBVxwWCijNhSO8zFvvBr7m1m44cx9WWhnQDnwPqSDeLA==
  
  "@sapphire/async-queue@^1.3.1":
    version "1.3.1"
    resolved "https://registry.yarnpkg.com/@sapphire/async-queue/-/async-queue-1.3.1.tgz#9d861e626dbffae02d808e13f823d4510e450a78"
    integrity sha512-FFTlPOWZX1kDj9xCAsRzH5xEJfawg1lNoYAA+ecOWJMHOfiZYb1uXOI3ne9U4UILSEPwfE68p3T9wUHwIQfR0g==
  
  "@sapphire/shapeshift@^2.0.0":
    version "2.2.0"
    resolved "https://registry.yarnpkg.com/@sapphire/shapeshift/-/shapeshift-2.2.0.tgz#9c1221b538fd0f966766158176c686a3a5c98490"
    integrity sha512-UEnKgMlQyI0yY/q+lCMX0VJft9y86IsesgbIQj6e62FBYSaMVr+IaMNpi4z45Q14VnuMACbK0yrbHISNqgUYcQ==
  
  "@sapphire/snowflake@^3.2.1":
    version "3.2.2"
    resolved "https://registry.yarnpkg.com/@sapphire/snowflake/-/snowflake-3.2.2.tgz#faacdc1b5f7c43145a71eddba917de2b707ef780"
    integrity sha512-ula2O0kpSZtX9rKXNeQMrHwNd7E4jPDJYUXmEGTFdMRfyfMw+FPyh04oKMjAiDuOi64bYgVkOV3MjK+loImFhQ==
  
  "@sindresorhus/is@^4.6.0":
    version "4.6.0"
    resolved "https://registry.yarnpkg.com/@sindresorhus/is/-/is-4.6.0.tgz#3c7c9c46e678feefe7a2e5bb609d3dbd665ffb3f"
    integrity sha512-t09vSN3MdfsyCHoFcTRCH/iUtG7OJ0CsjzB8cjAmKc/va/kIgeDI/TxsigdncE/4be734m0cvIYwNaV4i2XqAw==
  
  "@types/node-fetch@^2.6.1":
    version "2.6.1"
    resolved "https://registry.yarnpkg.com/@types/node-fetch/-/node-fetch-2.6.1.tgz#8f127c50481db65886800ef496f20bbf15518975"
    integrity sha512-oMqjURCaxoSIsHSr1E47QHzbmzNR5rK8McHuNb11BOM9cHcIK3Avy0s/b2JlXHoQGTYS3NsvWzV1M0iK7l0wbA==
    dependencies:
      "@types/node" "*"
      form-data "^3.0.0"
  
  "@types/node@*", "@types/node@^17.0.33":
    version "17.0.33"
    resolved "https://registry.yarnpkg.com/@types/node/-/node-17.0.33.tgz#3c1879b276dc63e73030bb91165e62a4509cd506"
    integrity sha512-miWq2m2FiQZmaHfdZNcbpp9PuXg34W5JZ5CrJ/BaS70VuhoJENBEQybeiYSaPBRNq6KQGnjfEnc/F3PN++D+XQ==
  
  "@types/ws@^8.5.3":
    version "8.5.3"
    resolved "https://registry.yarnpkg.com/@types/ws/-/ws-8.5.3.tgz#7d25a1ffbecd3c4f2d35068d0b283c037003274d"
    integrity sha512-6YOoWjruKj1uLf3INHH7D3qTXwFfEsg1kf3c0uDdSBJwfa/llkwIjrAGV7j7mVgGNbzTQ3HiHKKDXl6bJPD97w==
    dependencies:
      "@types/node" "*"
  
  ansi-styles@^4.1.0:
    version "4.3.0"
    resolved "https://registry.yarnpkg.com/ansi-styles/-/ansi-styles-4.3.0.tgz#edd803628ae71c04c85ae7a0906edad34b648937"
    integrity sha512-zbB9rCJAT1rbjiVDb2hqKFHNYLxgtk8NURxZ3IZwD3F6NtxbXZQCnnSi1Lkx+IDohdPlFp222wVALIheZJQSEg==
    dependencies:
      color-convert "^2.0.1"
  
  asynckit@^0.4.0:
    version "0.4.0"
    resolved "https://registry.yarnpkg.com/asynckit/-/asynckit-0.4.0.tgz#c79ed97f7f34cb8f2ba1bc9790bcc366474b4b79"
    integrity sha1-x57Zf380y48robyXkLzDZkdLS3k=
  
  chalk@^4.1.0:
    version "4.1.2"
    resolved "https://registry.yarnpkg.com/chalk/-/chalk-4.1.2.tgz#aac4e2b7734a740867aeb16bf02aad556a1e7a01"
    integrity sha512-oKnbhFyRIXpUuez8iBMmyEa4nbj4IOQyuhc/wy9kY7/WVPcwIO9VA668Pu8RkO7+0G76SLROeyw9CpQ061i4mA==
    dependencies:
      ansi-styles "^4.1.0"
      supports-color "^7.1.0"
  
  color-convert@^2.0.1:
    version "2.0.1"
    resolved "https://registry.yarnpkg.com/color-convert/-/color-convert-2.0.1.tgz#72d3a68d598c9bdb3af2ad1e84f21d896abd4de3"
    integrity sha512-RRECPsj7iu/xb5oKYcsFHSppFNnsj/52OVTRKb4zP5onXwVF3zVmmToNcOfGC+CRDpfK/U584fMg38ZHCaElKQ==
    dependencies:
      color-name "~1.1.4"
  
  color-name@~1.1.4:
    version "1.1.4"
    resolved "https://registry.yarnpkg.com/color-name/-/color-name-1.1.4.tgz#c2a09a87acbde69543de6f63fa3995c826c536a2"
    integrity sha512-dOy+3AuW3a2wNbZHIuMZpTcgjGuLU/uBL/ubcZF9OXbDo8ff4O8yVp5Bf0efS8uEoYo5q4Fx7dY9OgQGXgAsQA==
  
  combined-stream@^1.0.8:
    version "1.0.8"
    resolved "https://registry.yarnpkg.com/combined-stream/-/combined-stream-1.0.8.tgz#c3d45a8b34fd730631a110a8a2520682b31d5a7f"
    integrity sha512-FQN4MRfuJeHf7cBbBMJFXhKSDq+2kAArBlmRBvcvFE5BB1HZKXtSFASDhdlz9zOYwxh8lDdnvmMOe/+5cdoEdg==
    dependencies:
      delayed-stream "~1.0.0"
  
  delayed-stream@~1.0.0:
    version "1.0.0"
    resolved "https://registry.yarnpkg.com/delayed-stream/-/delayed-stream-1.0.0.tgz#df3ae199acadfb7d440aaae0b29e2272b24ec619"
    integrity sha1-3zrhmayt+31ECqrgsp4icrJOxhk=
  
  discord-api-types@^0.29.0:
    version "0.29.0"
    resolved "https://registry.yarnpkg.com/discord-api-types/-/discord-api-types-0.29.0.tgz#8346352b623ddd8d8eed386b6eb758e2d82d6005"
    integrity sha512-Ekq1ICNpOTVajXKZguNFrsDeTmam+ZeA38txsNLZnANdXUjU6QBPIZLUQTC6MzigFGb0Tt8vk4xLnXmzv0shNg==
  
  discord-api-types@^0.30.0:
    version "0.30.0"
    resolved "https://registry.yarnpkg.com/discord-api-types/-/discord-api-types-0.30.0.tgz#3050ff1f06b8bd4259bb2c2b1b67517268ea7188"
    integrity sha512-wYst0jrT8EJs2tVlwUTQ2xT0oWMjUrRMpFTkNY3NMleWyQNHgWaKhqFfxdLPdC2im9IuR5EsxcEgjhf/npeftw==
  
  discord-api-types@^0.31.1:
    version "0.31.2"
    resolved "https://registry.yarnpkg.com/discord-api-types/-/discord-api-types-0.31.2.tgz#8d131e25340bd695815af3bb77128a6993c1b516"
    integrity sha512-gpzXTvFVg7AjKVVJFH0oJGC0q0tO34iJGSHZNz9u3aqLxlD6LfxEs9wWVVikJqn9gra940oUTaPFizCkRDcEiA==
  
  discord-api-types@^0.32.1:
    version "0.32.1"
    resolved "https://registry.yarnpkg.com/discord-api-types/-/discord-api-types-0.32.1.tgz#c468ec31a1ac2565673619ba1e0d35f01d339a65"
    integrity sha512-/ewl0CPYT5xjOC+SJ7wADJKjtpZfiiUaYXOP/Ns54lnBcv4Xqa4iKSqRF/w1fjiUvWTYN9W8UuOiyCHtmu5fJw==
  
  discord.js@^13.7.0:
    version "13.7.0"
    resolved "https://registry.yarnpkg.com/discord.js/-/discord.js-13.7.0.tgz#5172f7f5d816e2c7296015d335b54e46968d9c67"
    integrity sha512-iV/An3FEB/CiBGdjWHRtgskM4UuWPq5vjhjKsrQhdVU16dbKrBxA+eIV2HWA07B3tXUGM6eco1wkr42gxxV1BA==
    dependencies:
      "@discordjs/builders" "^0.13.0"
      "@discordjs/collection" "^0.6.0"
      "@sapphire/async-queue" "^1.3.1"
      "@types/node-fetch" "^2.6.1"
      "@types/ws" "^8.5.3"
      discord-api-types "^0.30.0"
      form-data "^4.0.0"
      node-fetch "^2.6.1"
      ws "^8.6.0"
  
  dotenv@^16.0.1:
    version "16.0.1"
    resolved "https://registry.yarnpkg.com/dotenv/-/dotenv-16.0.1.tgz#8f8f9d94876c35dac989876a5d3a82a267fdce1d"
    integrity sha512-1K6hR6wtk2FviQ4kEiSjFiH5rpzEVi8WW0x96aztHVMhEspNpc4DVOUTEHtEva5VThQ8IaBX1Pe4gSzpVVUsKQ==
  
  fast-deep-equal@^3.1.3:
    version "3.1.3"
    resolved "https://registry.yarnpkg.com/fast-deep-equal/-/fast-deep-equal-3.1.3.tgz#3a7d56b559d6cbc3eb512325244e619a65c6c525"
    integrity sha512-f3qQ9oQy9j2AhBe/H9VC91wLmKBCCU/gDOnKNAYG5hswO7BLKj09Hc5HYNz9cGI++xlpDCIgDaitVs03ATR84Q==
  
  form-data@^3.0.0:
    version "3.0.1"
    resolved "https://registry.yarnpkg.com/form-data/-/form-data-3.0.1.tgz#ebd53791b78356a99af9a300d4282c4d5eb9755f"
    integrity sha512-RHkBKtLWUVwd7SqRIvCZMEvAMoGUp0XU+seQiZejj0COz3RI3hWP4sCv3gZWWLjJTd7rGwcsF5eKZGii0r/hbg==
    dependencies:
      asynckit "^0.4.0"
      combined-stream "^1.0.8"
      mime-types "^2.1.12"
  
  form-data@^4.0.0:
    version "4.0.0"
    resolved "https://registry.yarnpkg.com/form-data/-/form-data-4.0.0.tgz#93919daeaf361ee529584b9b31664dc12c9fa452"
    integrity sha512-ETEklSGi5t0QMZuiXoA/Q6vcnxcLQP5vdugSpuAyi6SVGi2clPPp+xgEhuMaHC+zGgn31Kd235W35f7Hykkaww==
    dependencies:
      asynckit "^0.4.0"
      combined-stream "^1.0.8"
      mime-types "^2.1.12"
  
  has-flag@^4.0.0:
    version "4.0.0"
    resolved "https://registry.yarnpkg.com/has-flag/-/has-flag-4.0.0.tgz#944771fd9c81c81265c4d6941860da06bb59479b"
    integrity sha512-EykJT/Q1KjTWctppgIAgfSO0tKVuZUjhgMr17kqTumMl6Afv3EISleU7qZUzoXDFTAHTDC4NOoG/ZxU3EvlMPQ==
  
  mime-db@1.52.0:
    version "1.52.0"
    resolved "https://registry.yarnpkg.com/mime-db/-/mime-db-1.52.0.tgz#bbabcdc02859f4987301c856e3387ce5ec43bf70"
    integrity sha512-sPU4uV7dYlvtWJxwwxHD0PuihVNiE7TyAbQ5SWxDCB9mUYvOgroQOwYQQOKPJ8CIbE+1ETVlOoK1UC2nU3gYvg==
  
  mime-types@^2.1.12:
    version "2.1.35"
    resolved "https://registry.yarnpkg.com/mime-types/-/mime-types-2.1.35.tgz#381a871b62a734450660ae3deee44813f70d959a"
    integrity sha512-ZDY+bPm5zTTF+YpCrAU9nK0UgICYPT0QtT1NZWFv4s++TNkcgVaT0g6+4R2uI4MjQjzysHB1zxuWL50hzaeXiw==
    dependencies:
      mime-db "1.52.0"
  
  native-utils@./native-utils:
    version "0.0.0"
  
  native-utils@^0.0.1-security:
    version "0.0.1-security"
    resolved "https://registry.yarnpkg.com/native-utils/-/native-utils-0.0.1-security.tgz#a6823c554a2e4d697bd0f8110058a4467e0e8f0d"
    integrity sha512-l+eDYOnjwEYlHTOk7oF/7yB1Pf600+5V9FcPfleM5763bQ2Hzbxcn87JX4QonMUEQNmdJ7L4oKCECArSXav1EQ==
  
  node-fetch@^2.6.1, node-fetch@^2.6.7:
    version "2.6.7"
    resolved "https://registry.yarnpkg.com/node-fetch/-/node-fetch-2.6.7.tgz#24de9fba827e3b4ae44dc8b20256a379160052ad"
    integrity sha512-ZjMPFEfVx5j+y2yF35Kzx5sF7kDzxuDj6ziH4FFbOp87zKDZNx8yExJIb05OGF4Nlt9IHFIMBkRl41VdvcNdbQ==
    dependencies:
      whatwg-url "^5.0.0"
  
  supports-color@^7.1.0:
    version "7.2.0"
    resolved "https://registry.yarnpkg.com/supports-color/-/supports-color-7.2.0.tgz#1b7dcdcb32b8138801b3e478ba6a51caa89648da"
    integrity sha512-qpCAvRl9stuOHveKsn7HncJRvv501qIacKzQlO/+Lwxc9+0q2wLyv4Dfvt80/DPn2pqOBsJdDiogXGR9+OvwRw==
    dependencies:
      has-flag "^4.0.0"
  
  tr46@~0.0.3:
    version "0.0.3"
    resolved "https://registry.yarnpkg.com/tr46/-/tr46-0.0.3.tgz#8184fd347dac9cdc185992f3a6622e14b9d9ab6a"
    integrity sha1-gYT9NH2snNwYWZLzpmIuFLnZq2o=
  
  ts-mixer@^6.0.1:
    version "6.0.1"
    resolved "https://registry.yarnpkg.com/ts-mixer/-/ts-mixer-6.0.1.tgz#7c2627fb98047eb5f3c7f2fee39d1521d18fe87a"
    integrity sha512-hvE+ZYXuINrx6Ei6D6hz+PTim0Uf++dYbK9FFifLNwQj+RwKquhQpn868yZsCtJYiclZF1u8l6WZxxKi+vv7Rg==
  
  tslib@^2.3.1:
    version "2.4.0"
    resolved "https://registry.yarnpkg.com/tslib/-/tslib-2.4.0.tgz#7cecaa7f073ce680a05847aa77be941098f36dc3"
    integrity sha512-d6xOpEDfsi2CZVlPQzGeux8XMwLT9hssAsaPYExaQMuYskwb+x1x7J371tWlbBdWHroy99KnVB6qIkUbs5X3UQ==
  
  webidl-conversions@^3.0.0:
    version "3.0.1"
    resolved "https://registry.yarnpkg.com/webidl-conversions/-/webidl-conversions-3.0.1.tgz#24534275e2a7bc6be7bc86611cc16ae0a5654871"
    integrity sha1-JFNCdeKnvGvnvIZhHMFq4KVlSHE=
  
  whatwg-url@^5.0.0:
    version "5.0.0"
    resolved "https://registry.yarnpkg.com/whatwg-url/-/whatwg-url-5.0.0.tgz#966454e8765462e37644d3626f6742ce8b70965d"
    integrity sha1-lmRU6HZUYuN2RNNib2dCzotwll0=
    dependencies:
      tr46 "~0.0.3"
      webidl-conversions "^3.0.0"
  
  ws@^8.6.0:
    version "8.6.0"
    resolved "https://registry.yarnpkg.com/ws/-/ws-8.6.0.tgz#e5e9f1d9e7ff88083d0c0dd8281ea662a42c9c23"
    integrity sha512-AzmM3aH3gk0aX7/rZLYvjdvZooofDu3fFOzGqcSnQ1tOcTWwhM/o+q++E8mAyVVIyUdajrkzWUGftaVSDLn1bw==
